SF:lib/games/klondike/klondike_game.dart
DA:23,5
DA:24,5
DA:27,5
DA:28,10
DA:29,10
DA:30,20
DA:31,20
DA:34,5
DA:36,5
DA:37,10
DA:38,10
DA:39,5
DA:40,5
DA:42,5
DA:43,10
DA:46,10
DA:47,10
DA:48,5
DA:49,10
DA:50,15
DA:55,5
DA:56,5
DA:57,5
DA:58,10
DA:62,1
DA:64,1
DA:67,1
DA:68,5
DA:70,3
DA:71,3
DA:73,3
DA:74,6
DA:76,6
DA:78,2
DA:81,1
DA:82,1
DA:83,3
DA:86,1
DA:94,3
DA:96,3
DA:97,3
DA:100,6
DA:103,6
DA:106,6
DA:108,4
DA:109,4
DA:113,6
DA:114,3
DA:116,6
DA:119,6
DA:125,2
DA:127,2
DA:130,4
DA:131,4
DA:135,6
DA:136,4
DA:137,2
DA:143,2
DA:146,2
DA:150,2
DA:154,2
DA:160,4
DA:161,4
DA:162,4
DA:167,3
DA:169,6
DA:171,2
DA:174,1
DA:176,2
DA:177,2
DA:178,1
DA:179,2
DA:181,2
DA:184,1
DA:185,1
DA:186,1
DA:189,1
DA:191,2
DA:192,2
DA:193,2
DA:198,6
DA:199,3
DA:201,12
DA:202,6
DA:203,3
DA:204,6
DA:205,3
DA:208,3
DA:209,3
DA:210,3
DA:214,6
DA:215,6
DA:216,6
DA:221,3
DA:223,6
DA:225,6
DA:226,6
DA:227,6
DA:230,12
DA:232,2
DA:233,2
DA:234,1
DA:235,2
DA:237,2
DA:242,3
DA:243,9
DA:244,6
DA:245,3
DA:246,6
DA:253,4
DA:254,3
DA:258,4
DA:259,4
DA:260,4
DA:267,1
DA:268,2
DA:270,2
DA:271,2
DA:274,4
DA:276,2
DA:277,2
DA:278,1
DA:279,2
DA:281,2
DA:282,2
DA:287,1
DA:288,2
DA:289,2
DA:290,1
DA:291,2
DA:293,2
DA:299,4
DA:300,2
DA:303,2
DA:306,2
DA:309,3
DA:310,2
DA:313,2
DA:317,2
DA:320,10
DA:323,2
DA:327,4
DA:328,4
DA:329,2
DA:332,4
DA:335,2
DA:339,4
DA:340,2
DA:341,2
DA:342,2
DA:343,3
DA:350,4
DA:351,2
DA:352,1
DA:353,2
DA:354,2
DA:355,2
DA:364,2
DA:366,2
DA:368,4
DA:369,2
DA:370,2
DA:374,4
DA:375,4
DA:376,0
DA:383,1
DA:386,2
DA:389,2
DA:390,2
DA:391,2
DA:392,2
DA:394,2
DA:395,3
DA:400,2
DA:401,1
DA:404,4
DA:405,1
DA:406,1
DA:407,2
DA:410,2
DA:411,5
DA:415,2
DA:416,1
DA:417,1
DA:427,3
DA:429,6
DA:432,4
DA:433,3
DA:435,2
DA:436,2
DA:439,2
DA:440,1
DA:441,2
DA:442,2
DA:450,4
DA:451,2
DA:453,8
DA:454,2
DA:455,2
DA:456,4
DA:459,4
DA:460,2
DA:461,4
DA:462,4
DA:467,8
DA:469,4
DA:470,2
DA:471,2
DA:474,2
DA:485,2
DA:489,4
DA:490,4
DA:491,4
DA:492,4
DA:493,2
DA:499,4
DA:500,2
DA:501,2
DA:502,4
DA:503,4
DA:504,2
DA:510,4
DA:511,2
DA:514,2
DA:515,8
DA:516,6
DA:523,2
DA:525,4
DA:528,4
DA:529,2
DA:530,2
DA:531,2
DA:537,6
DA:538,2
DA:539,1
DA:540,1
DA:541,1
DA:549,2
DA:550,2
DA:552,2
DA:553,1
DA:554,3
DA:555,2
DA:559,2
DA:560,2
DA:561,1
DA:562,3
DA:563,2
DA:570,2
DA:571,1
DA:574,3
DA:575,3
DA:582,1
DA:584,2
DA:587,2
DA:588,1
DA:589,1
DA:590,1
DA:600,1
DA:601,1
LF:260
LH:259
end_of_record
SF:lib/models/card.dart
DA:12,10
DA:18,20
DA:19,2
DA:21,16
DA:23,2
DA:24,2
DA:25,2
DA:26,2
DA:27,2
DA:28,2
DA:32,2
DA:33,2
DA:34,2
DA:35,2
DA:36,2
DA:37,2
DA:38,8
DA:43,8
DA:45,3
DA:46,3
DA:47,3
DA:48,3
DA:49,3
DA:50,3
DA:51,8
DA:55,3
DA:56,3
DA:57,3
DA:58,3
DA:59,3
DA:60,3
DA:64,4
DA:65,12
DA:66,16
DA:67,4
DA:71,4
DA:72,8
DA:73,21
DA:76,1
DA:77,1
DA:78,1
DA:79,1
DA:80,1
DA:84,3
DA:85,9
DA:87,6
DA:90,36
DA:93,1
DA:94,5
LF:49
LH:49
end_of_record
SF:lib/models/pile.dart
DA:10,7
DA:12,12
DA:14,15
DA:15,9
DA:17,20
DA:19,1
DA:20,5
DA:22,6
DA:24,6
DA:25,12
DA:28,3
DA:29,6
DA:32,4
DA:33,8
DA:34,8
DA:37,3
DA:38,13
DA:39,6
DA:40,12
DA:44,2
DA:45,4
DA:46,4
DA:50,3
DA:51,6
DA:54,3
DA:55,12
DA:56,9
DA:58,1
DA:61,4
DA:63,4
DA:64,16
DA:65,8
DA:68,3
DA:69,15
DA:70,9
DA:74,1
DA:75,9
LF:37
LH:37
end_of_record
SF:lib/models/move.dart
DA:12,4
DA:22,1
DA:24,1
DA:25,3
DA:28,2
DA:29,3
DA:34,3
DA:35,3
DA:37,7
DA:41,2
DA:42,2
DA:44,1
DA:47,1
DA:48,1
DA:49,1
DA:51,1
DA:53,1
DA:54,3
DA:55,1
DA:56,3
DA:60,1
DA:61,1
DA:62,7
DA:63,6
LF:24
LH:24
end_of_record
SF:lib/games/game_interface.dart
DA:65,2
LF:1
LH:1
end_of_record
SF:lib/models/deck.dart
DA:7,6
DA:8,6
DA:11,6
DA:12,12
DA:13,12
DA:14,12
DA:15,18
DA:20,6
DA:21,1
DA:22,30
DA:23,12
DA:24,12
DA:25,24
DA:26,12
DA:30,6
DA:31,12
DA:32,12
DA:35,1
DA:36,1
DA:37,4
DA:38,3
DA:43,18
DA:44,3
DA:46,3
LF:24
LH:24
end_of_record
SF:lib/models/difficulty.dart
DA:10,1
DA:12,1
DA:14,1
DA:16,1
DA:21,2
DA:23,2
DA:25,2
DA:27,1
DA:33,4
DA:35,4
DA:37,4
DA:39,1
DA:45,4
DA:47,4
DA:49,4
DA:51,1
DA:57,1
DA:59,1
DA:61,1
DA:63,1
DA:69,1
DA:71,1
DA:73,1
DA:75,1
DA:81,2
DA:83,2
DA:85,2
DA:87,1
DA:98,1
DA:100,1
DA:102,1
DA:107,1
DA:109,1
DA:111,1
DA:117,2
DA:120,1
DA:123,1
DA:125,1
DA:127,1
DA:133,1
DA:135,1
DA:137,1
LF:42
LH:42
end_of_record
SF:lib/models/theme_preset.dart
DA:30,1
DA:49,1
DA:50,3
DA:53,2
DA:54,5
DA:185,9
DA:196,2
DA:198,10
DA:204,6
DA:207,2
DA:209,2
DA:210,8
DA:213,1
DA:216,7
DA:218,1
DA:219,2
LF:16
LH:16
end_of_record
SF:lib/services/settings_provider.dart
DA:46,2
DA:47,2
DA:48,2
DA:49,2
DA:50,2
DA:51,2
DA:52,2
DA:53,2
DA:54,2
DA:55,2
DA:56,2
DA:57,2
DA:58,2
DA:59,2
DA:61,1
DA:62,2
DA:65,1
DA:66,2
DA:67,2
DA:71,3
DA:73,1
DA:74,1
DA:76,1
DA:77,5
DA:79,2
DA:81,2
DA:83,1
DA:84,5
DA:86,1
DA:87,5
DA:89,1
DA:90,5
DA:92,2
DA:93,2
DA:94,2
DA:95,2
DA:96,2
DA:97,2
DA:98,2
DA:100,2
DA:101,1
DA:104,0
DA:105,0
DA:107,0
DA:111,1
DA:114,1
DA:115,1
DA:116,1
DA:118,1
DA:119,2
DA:122,1
DA:123,1
DA:124,1
DA:126,1
DA:127,1
DA:130,1
DA:131,1
DA:132,1
DA:133,1
DA:134,1
DA:137,1
DA:138,1
DA:139,1
DA:140,1
DA:141,2
DA:144,1
DA:145,1
DA:146,1
DA:147,1
DA:148,2
DA:151,1
DA:152,1
DA:153,1
DA:154,1
DA:155,1
DA:158,1
DA:159,1
DA:160,1
DA:161,1
DA:162,1
DA:165,1
DA:166,1
DA:167,1
DA:168,1
DA:169,1
DA:172,1
DA:173,1
DA:174,1
DA:175,1
DA:176,1
DA:179,1
DA:180,2
DA:181,1
DA:182,1
DA:183,2
DA:186,1
DA:187,1
DA:188,1
DA:189,1
DA:190,1
DA:193,1
DA:194,2
DA:195,1
DA:196,1
DA:197,2
DA:200,1
DA:201,1
DA:202,1
DA:204,1
DA:205,2
DA:208,1
DA:209,2
DA:210,1
DA:213,1
DA:214,1
DA:216,1
DA:217,3
DA:218,1
DA:219,7
DA:222,1
DA:223,1
DA:224,1
DA:225,2
DA:228,1
DA:229,3
DA:230,1
DA:231,1
DA:232,3
LF:128
LH:125
end_of_record
SF:lib/services/statistics_service.dart
DA:15,2
DA:27,2
DA:28,12
DA:30,2
DA:44,2
DA:45,2
DA:46,2
DA:47,2
DA:48,2
DA:49,2
DA:50,2
DA:51,2
DA:52,2
DA:53,2
DA:71,4
DA:73,1
DA:74,1
DA:76,1
DA:77,1
DA:78,1
DA:80,2
DA:81,1
DA:82,1
DA:83,1
DA:84,1
DA:85,1
DA:86,1
DA:88,1
DA:92,1
DA:95,2
DA:96,2
DA:98,6
DA:99,6
DA:100,6
DA:101,6
DA:102,6
DA:103,6
DA:105,4
DA:106,8
DA:109,4
DA:110,6
DA:113,4
DA:114,3
DA:118,2
DA:119,6
DA:120,6
DA:122,2
DA:123,2
DA:126,2
DA:127,6
DA:128,6
DA:130,2
DA:132,4
DA:133,2
DA:137,4
DA:138,2
DA:142,6
DA:143,6
DA:150,2
DA:151,2
DA:154,1
DA:155,3
DA:157,3
DA:159,1
DA:160,1
DA:164,1
DA:165,2
DA:166,1
DA:170,3
DA:171,3
DA:175,1
DA:176,1
DA:179,2
DA:180,2
DA:182,2
DA:183,2
DA:184,2
DA:185,2
DA:186,2
DA:187,2
DA:188,2
DA:189,2
DA:190,2
DA:192,2
DA:193,2
DA:196,0
DA:198,0
DA:199,0
DA:200,0
LF:89
LH:85
end_of_record
SF:lib/services/animation_state_notifier.dart
DA:11,4
DA:12,4
DA:14,2
DA:20,2
DA:21,4
DA:27,2
DA:30,2
DA:31,2
DA:32,2
DA:33,2
DA:36,2
DA:37,4
LF:12
LH:12
end_of_record
SF:lib/widgets/animated_card_overlay.dart
DA:12,2
DA:25,0
DA:31,0
DA:32,0
DA:42,0
DA:44,0
DA:45,0
DA:48,0
DA:49,0
DA:55,0
DA:56,0
DA:57,0
DA:58,0
DA:59,0
DA:64,0
DA:65,0
DA:66,0
DA:67,0
DA:70,0
DA:71,0
DA:72,0
DA:75,0
DA:78,0
DA:79,0
DA:80,0
DA:81,0
DA:84,0
DA:85,0
DA:86,0
DA:89,0
DA:91,0
DA:92,0
DA:93,0
DA:97,0
DA:98,0
DA:102,0
DA:104,0
DA:107,0
DA:108,0
DA:109,0
DA:110,0
DA:111,0
DA:112,0
DA:113,0
DA:114,0
DA:117,0
DA:121,0
DA:123,0
DA:124,0
DA:127,0
DA:129,0
DA:133,0
DA:134,0
DA:135,0
DA:136,0
DA:137,0
DA:138,0
DA:139,0
DA:140,0
DA:141,0
DA:142,0
DA:143,0
DA:144,0
DA:145,0
LF:64
LH:1
end_of_record
SF:lib/services/svg_preload_service.dart
DA:12,1
DA:16,1
DA:22,1
DA:27,2
DA:29,2
DA:30,0
DA:32,0
DA:35,0
DA:44,0
DA:46,0
DA:51,0
DA:54,0
DA:57,0
DA:58,0
DA:59,0
DA:60,0
DA:66,2
DA:69,1
DA:72,1
DA:75,1
LF:20
LH:9
end_of_record
SF:lib/theme/app_theme.dart
DA:42,4
DA:43,1
DA:45,4
DA:48,4
DA:50,4
DA:51,4
DA:52,4
DA:53,4
DA:59,4
DA:60,1
DA:62,4
DA:65,4
DA:67,4
DA:68,4
DA:69,4
DA:70,4
DA:76,0
DA:77,0
DA:80,0
DA:82,0
DA:83,0
DA:85,0
DA:89,3
DA:93,2
DA:97,1
DA:98,3
DA:99,3
DA:100,1
DA:101,0
DA:104,1
DA:105,4
DA:108,1
DA:109,3
DA:112,0
DA:113,0
DA:116,0
DA:117,0
DA:120,0
DA:124,0
DA:126,0
DA:127,0
DA:128,0
DA:129,0
DA:132,0
DA:133,0
DA:139,0
DA:147,0
DA:151,0
DA:155,0
DA:159,0
DA:162,4
DA:166,2
DA:169,2
DA:173,1
DA:176,0
DA:180,0
DA:183,2
DA:187,1
DA:191,0
DA:193,2
LF:60
LH:33
end_of_record
SF:lib/widgets/card_widget.dart
DA:20,1
DA:30,1
DA:35,3
DA:36,1
DA:37,1
DA:42,1
DA:43,1
DA:50,3
DA:51,1
DA:52,1
DA:57,1
DA:58,1
DA:63,1
DA:64,1
DA:71,3
DA:72,1
DA:73,1
DA:78,1
DA:79,1
DA:84,1
DA:85,1
DA:92,3
DA:93,1
DA:98,3
DA:99,1
DA:104,3
DA:105,1
DA:112,1
DA:114,4
DA:115,1
DA:119,4
DA:120,1
DA:124,1
DA:125,4
DA:128,3
DA:129,3
DA:130,3
DA:135,1
DA:137,3
DA:138,3
DA:141,2
DA:144,1
DA:147,4
DA:152,2
DA:155,1
DA:160,1
DA:161,1
DA:162,1
DA:163,1
DA:164,1
DA:167,1
DA:168,1
DA:169,2
DA:170,1
DA:174,1
DA:176,1
DA:181,1
DA:183,1
DA:184,2
DA:185,3
DA:187,1
DA:190,2
DA:191,1
DA:193,1
DA:202,1
DA:203,1
DA:204,1
DA:205,1
DA:209,3
DA:210,1
DA:211,1
DA:212,3
DA:213,1
DA:215,1
DA:216,1
DA:217,2
DA:218,3
DA:220,1
DA:221,1
DA:222,6
DA:229,1
DA:230,1
DA:231,2
DA:232,3
DA:234,1
DA:235,1
DA:236,6
LF:87
LH:87
end_of_record
SF:lib/widgets/card_gloss_painter.dart
DA:10,1
DA:15,1
DA:17,1
DA:18,2
DA:21,1
DA:22,1
DA:25,1
DA:28,1
DA:31,1
DA:34,1
DA:36,1
DA:40,1
DA:41,1
DA:44,1
DA:45,2
DA:46,2
DA:52,1
DA:53,3
DA:55,2
DA:59,1
DA:60,1
DA:63,1
DA:64,2
DA:65,2
DA:71,1
DA:72,3
DA:74,2
DA:78,1
DA:79,1
DA:82,1
DA:84,2
DA:85,2
DA:90,1
DA:91,3
DA:93,2
DA:97,1
DA:101,1
DA:104,1
DA:105,2
DA:110,1
DA:111,2
DA:112,2
DA:115,1
DA:116,2
DA:121,1
DA:124,1
DA:125,2
DA:130,1
DA:131,2
DA:132,2
DA:135,1
DA:136,2
DA:141,1
DA:144,1
DA:145,2
DA:150,1
DA:151,2
DA:152,4
DA:155,1
DA:156,4
DA:161,1
DA:164,1
DA:165,2
DA:170,1
DA:171,2
DA:172,4
DA:175,1
DA:176,4
DA:181,0
DA:184,0
LF:70
LH:68
end_of_record
SF:lib/widgets/svg_card_renderer.dart
DA:17,1
DA:25,1
DA:26,1
DA:31,0
DA:34,2
DA:35,0
DA:36,0
DA:38,1
DA:40,1
DA:41,1
DA:43,2
DA:44,2
DA:47,0
DA:49,0
DA:50,0
DA:51,0
DA:55,0
DA:57,0
DA:58,0
DA:59,0
DA:60,0
DA:61,0
DA:65,1
DA:69,2
DA:70,0
DA:72,1
DA:75,1
DA:78,1
DA:79,2
DA:82,1
DA:84,1
DA:85,0
DA:89,0
DA:90,0
DA:91,0
DA:97,0
DA:102,0
DA:107,0
DA:109,0
DA:110,0
DA:112,0
DA:113,0
DA:118,0
DA:121,0
DA:122,0
DA:123,0
DA:132,0
DA:133,0
DA:135,0
DA:137,0
DA:138,0
DA:139,0
DA:146,0
DA:147,0
DA:151,0
DA:152,0
DA:153,0
DA:157,0
DA:158,0
DA:161,0
DA:164,0
DA:167,0
DA:171,0
DA:174,0
DA:179,0
DA:180,0
DA:181,0
DA:185,0
DA:186,0
DA:187,0
DA:191,0
DA:193,0
DA:201,0
DA:206,0
DA:207,0
DA:208,0
DA:209,0
DA:210,0
DA:211,0
DA:212,0
DA:213,0
DA:214,0
DA:218,0
DA:219,0
DA:224,0
DA:227,0
DA:230,0
DA:231,0
DA:234,0
DA:237,0
DA:239,0
DA:240,0
DA:244,0
DA:245,0
DA:246,0
DA:247,0
DA:248,0
DA:249,0
DA:250,0
DA:251,0
DA:252,0
DA:256,0
DA:257,0
DA:261,0
DA:262,0
DA:263,0
DA:268,0
DA:269,0
DA:273,0
DA:274,0
DA:275,0
DA:284,0
DA:285,0
DA:287,0
DA:289,0
DA:293,1
DA:295,1
DA:297,1
DA:298,2
DA:299,4
DA:300,1
DA:307,0
DA:308,0
DA:309,0
LF:124
LH:23
end_of_record
SF:lib/services/audio_service.dart
DA:32,1
DA:35,1
DA:38,1
DA:41,1
DA:44,1
DA:47,1
DA:50,1
DA:52,1
DA:55,1
DA:57,2
DA:60,1
DA:62,1
DA:65,1
DA:67,2
DA:70,1
DA:73,1
DA:76,1
DA:77,1
DA:79,1
DA:80,1
DA:82,1
DA:83,1
DA:85,1
DA:86,1
DA:88,1
DA:106,1
DA:108,0
DA:111,0
DA:112,0
DA:113,0
DA:114,0
DA:115,0
DA:116,0
DA:119,0
DA:120,0
DA:121,0
DA:122,0
DA:123,0
DA:124,0
DA:127,0
DA:128,0
DA:129,0
DA:130,0
DA:131,0
DA:134,0
DA:135,0
DA:141,0
DA:143,0
DA:144,0
DA:145,0
DA:146,0
DA:149,0
DA:151,0
DA:152,0
DA:153,0
DA:154,0
DA:157,0
DA:159,0
DA:160,0
DA:161,0
DA:162,0
DA:165,0
DA:167,0
DA:168,0
DA:169,0
DA:170,0
DA:173,0
DA:175,0
DA:176,0
DA:177,0
DA:178,0
DA:181,1
DA:183,1
DA:186,0
DA:188,0
DA:189,0
DA:190,0
DA:191,0
DA:192,0
DA:193,0
DA:196,0
DA:198,0
DA:200,0
DA:203,0
DA:204,0
DA:205,0
DA:206,0
DA:211,0
DA:213,0
DA:214,0
DA:217,0
DA:219,0
DA:221,0
DA:226,0
DA:229,0
DA:233,1
DA:234,1
DA:236,1
DA:237,1
DA:239,1
DA:240,1
DA:242,1
DA:243,1
DA:245,0
DA:247,0
DA:248,0
DA:249,0
DA:250,0
DA:251,0
DA:252,0
LF:110
LH:36
end_of_record
SF:lib/utils/overlay_validator.dart
DA:9,1
DA:11,1
DA:14,1
DA:22,1
DA:23,1
DA:24,1
DA:27,1
DA:28,1
DA:29,1
DA:36,2
DA:41,1
DA:49,1
DA:50,5
DA:51,5
DA:52,5
DA:54,5
DA:55,5
DA:56,5
DA:58,5
DA:62,1
DA:63,1
DA:64,1
DA:66,1
DA:67,1
DA:69,3
DA:73,1
DA:74,1
DA:76,4
DA:77,4
DA:78,4
DA:79,4
DA:80,4
DA:81,4
DA:83,6
DA:84,6
DA:85,6
DA:87,1
DA:91,1
DA:93,2
DA:94,1
DA:102,1
DA:103,1
DA:109,1
DA:115,2
DA:116,2
DA:117,1
LF:46
LH:46
end_of_record
SF:lib/services/game_controller.dart
DA:51,3
DA:58,6
DA:59,9
DA:60,9
DA:62,6
DA:64,9
DA:68,4
DA:69,4
DA:70,2
DA:71,2
DA:72,2
DA:73,2
DA:76,3
DA:77,3
DA:78,0
DA:80,6
DA:81,8
DA:82,6
DA:83,3
DA:84,3
DA:87,3
DA:88,5
DA:91,4
DA:92,3
DA:93,3
DA:94,3
DA:95,3
DA:98,1
DA:99,2
DA:100,4
DA:101,4
DA:102,2
DA:103,3
DA:105,2
DA:106,3
DA:111,3
DA:114,0
DA:115,0
DA:116,0
DA:118,0
DA:122,0
DA:125,0
DA:126,0
DA:127,0
DA:133,1
DA:134,1
DA:135,1
DA:136,2
DA:137,1
DA:140,2
DA:141,1
DA:142,4
DA:143,4
DA:146,2
DA:147,1
DA:148,1
DA:149,1
DA:152,1
DA:153,2
DA:156,2
DA:157,4
DA:160,1
DA:161,1
DA:162,1
DA:163,1
DA:164,2
DA:165,1
DA:170,1
DA:171,1
DA:172,1
DA:173,3
DA:174,3
DA:179,0
DA:180,0
DA:181,0
DA:183,0
DA:188,2
DA:189,2
DA:190,2
DA:193,1
DA:195,4
DA:196,1
DA:200,4
DA:201,4
DA:204,1
DA:205,2
DA:208,5
DA:209,1
DA:214,1
DA:217,1
DA:218,2
DA:220,2
DA:223,4
DA:224,0
DA:225,0
DA:227,1
DA:228,1
DA:231,1
DA:234,2
DA:235,2
DA:236,2
DA:237,2
DA:238,2
DA:242,1
DA:243,2
DA:246,3
DA:248,1
DA:249,4
DA:250,0
DA:252,0
DA:253,0
DA:256,0
DA:257,0
DA:260,1
DA:264,1
DA:265,2
DA:267,3
DA:269,1
DA:270,4
DA:271,0
DA:273,0
DA:274,0
DA:277,0
DA:278,0
DA:281,1
DA:285,0
DA:286,0
DA:289,0
DA:290,0
DA:291,0
DA:292,0
DA:294,0
DA:298,0
DA:299,0
DA:304,1
DA:310,2
DA:318,1
DA:319,2
DA:322,1
DA:323,2
DA:328,0
DA:336,0
DA:339,0
DA:347,0
DA:350,0
DA:351,0
DA:352,0
DA:353,0
DA:355,0
DA:356,0
DA:357,0
DA:358,0
DA:363,1
DA:364,2
DA:367,1
DA:368,2
DA:369,4
DA:372,1
DA:373,2
DA:374,4
DA:377,1
DA:378,2
DA:379,1
DA:382,2
DA:383,1
DA:384,2
DA:386,2
DA:387,2
DA:389,1
DA:390,1
DA:391,1
DA:396,2
DA:397,4
DA:398,0
DA:399,0
DA:400,0
DA:401,0
DA:402,0
DA:404,0
DA:405,0
DA:406,0
DA:409,2
DA:414,3
DA:415,2
DA:417,0
DA:421,1
DA:422,2
DA:423,1
DA:426,1
DA:427,0
DA:428,0
DA:429,0
DA:430,0
DA:431,0
DA:432,0
DA:434,0
DA:435,0
DA:436,0
DA:442,1
DA:447,0
DA:448,0
DA:449,0
DA:450,0
DA:453,0
DA:456,0
DA:458,0
DA:463,0
DA:464,0
DA:465,0
DA:474,0
DA:475,0
DA:483,0
DA:484,0
DA:485,0
DA:487,0
DA:488,0
DA:497,0
DA:498,0
DA:500,0
DA:501,0
DA:510,0
DA:511,0
DA:515,0
DA:523,0
DA:526,0
DA:527,0
DA:528,0
DA:529,0
DA:531,0
DA:532,0
DA:533,0
DA:534,0
DA:545,1
DA:546,2
DA:547,1
DA:548,1
DA:551,2
DA:554,4
DA:556,1
DA:559,2
DA:560,3
DA:561,4
DA:562,3
DA:563,2
DA:564,2
DA:565,0
DA:567,1
DA:568,1
DA:569,1
DA:576,3
DA:577,3
DA:578,3
DA:579,2
DA:580,2
DA:581,0
DA:583,1
DA:584,1
DA:585,1
DA:591,2
DA:593,1
DA:594,3
DA:596,3
DA:597,4
DA:598,2
DA:599,2
DA:600,2
DA:601,0
DA:603,1
DA:604,1
DA:605,1
DA:612,1
DA:613,3
DA:616,3
DA:617,4
DA:618,0
DA:619,0
DA:620,0
DA:621,0
DA:623,0
DA:624,0
DA:625,0
DA:633,1
DA:634,2
DA:635,1
DA:637,2
DA:638,1
DA:639,2
DA:640,2
DA:641,2
DA:642,0
DA:644,1
DA:645,1
DA:646,1
DA:650,2
DA:654,2
DA:655,8
DA:657,4
DA:658,2
DA:660,4
DA:661,0
DA:662,0
DA:664,2
DA:668,0
DA:669,0
DA:670,0
DA:672,0
DA:673,0
DA:675,0
DA:676,0
DA:681,1
DA:682,2
DA:683,0
DA:684,4
DA:685,1
DA:686,2
DA:687,1
DA:688,1
DA:689,0
DA:694,0
DA:695,0
DA:696,0
DA:697,0
DA:700,0
DA:703,0
DA:704,0
DA:705,0
DA:706,0
DA:710,0
DA:711,0
DA:714,0
DA:715,0
DA:718,0
DA:719,0
DA:720,0
DA:721,0
DA:722,0
DA:725,0
DA:727,0
DA:728,0
DA:731,0
DA:734,1
DA:735,1
DA:736,1
DA:738,1
DA:742,3
DA:744,1
DA:745,2
DA:746,1
DA:747,2
DA:748,1
DA:752,1
DA:753,2
DA:754,1
DA:755,1
DA:756,1
DA:759,1
DA:760,2
DA:761,1
DA:762,1
DA:763,1
DA:766,1
DA:767,2
DA:768,0
DA:769,0
DA:770,0
DA:774,1
DA:775,2
DA:776,0
DA:777,0
DA:781,1
DA:788,1
DA:791,2
DA:793,2
DA:794,0
DA:799,1
DA:800,0
DA:805,2
DA:809,1
DA:812,2
DA:813,1
DA:815,0
DA:816,0
DA:820,0
DA:821,0
DA:823,0
DA:824,0
DA:825,0
DA:827,0
DA:831,0
DA:832,0
DA:837,1
DA:838,2
DA:839,2
DA:840,2
DA:841,2
DA:845,1
DA:846,2
DA:847,0
DA:854,1
DA:855,1
DA:859,0
DA:861,0
DA:867,0
DA:868,0
DA:872,0
DA:873,0
DA:875,0
DA:876,0
DA:877,0
DA:879,0
DA:885,0
DA:886,0
DA:889,0
DA:890,0
DA:895,0
DA:896,0
DA:902,1
DA:903,4
DA:904,7
DA:907,1
DA:908,4
DA:909,2
DA:910,0
DA:911,0
DA:912,0
DA:918,2
DA:919,0
DA:921,1
DA:922,1
DA:926,1
DA:927,2
DA:929,1
DA:930,1
DA:931,1
DA:932,1
DA:935,1
DA:936,0
DA:937,0
DA:943,1
DA:945,1
DA:946,1
DA:947,3
DA:948,2
DA:949,1
LF:444
LH:263
end_of_record
SF:lib/services/timer_state_notifier.dart
DA:11,4
DA:12,3
DA:14,2
DA:15,4
DA:16,4
DA:17,5
DA:18,3
DA:19,1
DA:24,3
DA:25,6
DA:26,4
DA:27,3
DA:30,2
DA:31,4
DA:32,2
DA:33,2
DA:36,1
DA:38,2
DA:39,1
LF:19
LH:19
end_of_record
SF:lib/utils/layout_calculator.dart
DA:12,1
DA:30,1
DA:31,3
DA:34,5
DA:35,5
DA:38,1
DA:39,1
DA:40,1
DA:41,1
DA:42,1
DA:46,2
DA:53,3
DA:56,1
DA:59,1
DA:60,1
DA:61,2
DA:64,1
DA:71,1
DA:72,2
DA:73,1
DA:74,1
DA:75,1
DA:76,2
DA:81,1
DA:82,1
DA:84,1
DA:86,1
DA:88,1
DA:98,1
DA:99,5
LF:30
LH:30
end_of_record
SF:lib/widgets/game_button.dart
DA:11,1
DA:20,1
DA:21,1
DA:28,1
DA:30,1
DA:31,2
DA:32,0
DA:33,1
DA:35,2
DA:36,0
DA:37,3
DA:39,1
DA:40,0
DA:41,0
DA:42,1
DA:43,4
DA:44,1
DA:45,3
DA:46,3
DA:48,0
DA:49,1
DA:51,2
DA:53,3
DA:54,1
DA:55,1
DA:58,1
DA:59,0
DA:60,2
DA:62,1
DA:63,1
DA:64,1
DA:65,0
DA:66,1
DA:67,1
DA:68,1
DA:74,1
DA:77,1
DA:78,3
DA:79,1
DA:80,2
DA:82,1
DA:86,1
DA:87,2
DA:88,1
DA:105,2
DA:114,2
DA:115,2
DA:122,2
DA:124,2
DA:125,0
DA:126,0
DA:127,2
DA:128,8
DA:129,2
DA:130,6
DA:131,6
DA:133,0
DA:134,2
DA:136,2
DA:137,2
DA:139,4
DA:140,4
DA:141,2
DA:142,2
DA:143,0
DA:144,2
DA:145,8
DA:147,2
DA:148,4
DA:149,6
DA:150,4
DA:151,2
DA:152,2
DA:155,5
DA:157,1
DA:158,2
DA:159,1
DA:163,2
DA:164,1
DA:165,1
LF:80
LH:69
end_of_record
SF:lib/widgets/game_toolbar.dart
DA:18,1
DA:26,1
DA:28,1
DA:29,1
DA:30,2
DA:31,1
DA:32,1
DA:33,0
DA:35,1
DA:37,1
DA:38,1
DA:41,1
DA:43,1
DA:46,1
DA:47,1
DA:48,1
DA:54,1
DA:56,1
DA:58,1
DA:59,1
DA:61,1
DA:63,1
DA:68,2
DA:71,1
DA:73,3
DA:79,1
DA:80,1
DA:82,0
DA:86,3
DA:90,1
DA:91,1
DA:92,1
DA:93,3
DA:94,1
DA:96,1
DA:98,0
DA:106,1
DA:109,1
DA:110,1
DA:111,2
DA:115,2
DA:116,1
DA:118,1
DA:124,1
DA:126,0
DA:127,0
DA:132,1
DA:134,1
DA:136,1
DA:147,1
DA:148,1
DA:150,1
DA:152,1
DA:153,1
DA:155,2
DA:159,2
DA:163,1
DA:164,1
DA:166,1
DA:170,2
DA:176,1
DA:177,1
DA:181,1
DA:183,1
DA:185,1
DA:188,1
DA:198,1
DA:199,1
DA:200,2
DA:214,0
DA:215,0
DA:218,0
DA:223,0
DA:224,0
DA:225,0
DA:228,0
DA:229,0
DA:231,0
DA:233,0
DA:234,0
DA:235,0
DA:236,0
DA:240,0
DA:241,0
DA:244,0
DA:246,0
DA:249,0
DA:251,0
DA:257,0
DA:258,0
DA:261,0
DA:271,1
DA:272,1
DA:274,1
DA:276,1
DA:277,1
DA:278,1
DA:281,2
DA:286,1
DA:289,3
DA:295,1
DA:296,1
DA:298,1
DA:299,2
DA:301,2
DA:306,1
DA:307,2
DA:309,1
DA:312,0
DA:315,1
DA:317,1
DA:318,2
DA:319,1
DA:320,1
DA:321,2
DA:325,1
DA:326,1
DA:327,1
DA:338,1
DA:339,1
DA:340,2
DA:341,5
LF:122
LH:94
end_of_record
SF:lib/screens/help_screen.dart
DA:6,1
DA:8,0
DA:10,0
DA:11,0
DA:12,0
DA:13,0
DA:14,0
DA:15,0
DA:16,0
DA:17,0
DA:19,0
DA:21,0
DA:22,0
DA:24,0
DA:26,0
DA:28,0
DA:30,0
DA:32,0
DA:34,0
DA:45,0
DA:46,0
DA:49,0
DA:50,0
DA:51,0
DA:52,0
DA:53,0
DA:59,0
DA:60,0
DA:61,0
DA:62,0
DA:63,0
DA:66,0
DA:72,0
DA:73,0
DA:74,0
DA:75,0
DA:76,0
DA:79,0
DA:80,0
DA:81,0
DA:82,0
DA:84,0
DA:85,0
DA:88,0
DA:93,0
DA:95,0
DA:98,0
DA:100,0
DA:108,0
DA:109,0
DA:112,0
DA:113,0
DA:115,0
DA:118,0
DA:127,0
DA:128,0
DA:131,0
DA:132,0
DA:138,0
DA:144,0
DA:150,0
DA:159,0
DA:160,0
DA:163,0
DA:164,0
DA:166,0
DA:168,0
DA:173,0
DA:174,0
DA:177,0
DA:178,0
DA:180,0
DA:185,0
DA:186,0
DA:189,0
DA:190,0
DA:191,0
DA:192,0
DA:193,0
DA:194,0
DA:195,0
DA:196,0
DA:197,0
DA:202,0
DA:203,0
DA:206,0
DA:207,0
DA:208,0
DA:209,0
DA:210,0
DA:211,0
DA:212,0
DA:217,0
DA:218,0
DA:220,0
DA:221,0
DA:222,0
DA:223,0
DA:224,0
DA:226,0
DA:227,0
DA:228,0
DA:233,0
DA:237,0
DA:241,0
DA:246,0
DA:247,0
DA:249,0
DA:250,0
DA:252,0
DA:255,0
DA:256,0
DA:262,0
DA:263,0
DA:265,0
DA:266,0
DA:268,0
DA:271,0
DA:273,0
DA:274,0
DA:284,0
DA:285,0
DA:287,0
DA:288,0
DA:289,0
DA:290,0
DA:292,0
DA:293,0
DA:294,0
DA:296,0
DA:297,0
DA:299,0
DA:300,0
DA:310,0
DA:311,0
DA:313,0
DA:314,0
DA:315,0
DA:316,0
DA:318,0
DA:320,0
DA:321,0
DA:322,0
DA:323,0
DA:325,0
DA:326,0
DA:327,0
DA:328,0
DA:330,0
DA:331,0
DA:332,0
DA:337,0
DA:342,0
DA:346,0
DA:347,0
DA:348,0
DA:355,0
DA:356,0
DA:358,0
DA:359,0
DA:360,0
DA:361,0
DA:363,0
DA:365,0
DA:366,0
DA:367,0
DA:368,0
DA:369,0
DA:370,0
DA:374,0
DA:378,0
DA:379,0
DA:380,0
DA:387,0
DA:388,0
DA:390,0
DA:392,0
DA:397,0
DA:398,0
DA:400,0
DA:401,0
DA:410,0
DA:411,0
DA:413,0
DA:414,0
DA:415,0
DA:417,0
DA:418,0
DA:419,0
DA:420,0
DA:422,0
DA:424,0
DA:428,0
DA:434,0
DA:435,0
DA:437,0
DA:438,0
LF:197
LH:1
end_of_record
SF:lib/widgets/move_history_viewer.dart
DA:10,0
DA:15,0
DA:17,0
DA:18,0
DA:19,0
DA:21,0
DA:22,0
DA:23,0
DA:25,0
DA:26,0
DA:32,0
DA:33,0
DA:35,0
DA:36,0
DA:38,0
DA:39,0
DA:40,0
DA:41,0
DA:45,0
DA:48,0
DA:50,0
DA:54,0
DA:55,0
DA:57,0
DA:58,0
DA:59,0
DA:62,0
DA:65,0
DA:78,0
DA:84,0
DA:86,0
DA:88,0
DA:89,0
DA:90,0
DA:91,0
DA:92,0
DA:93,0
DA:95,0
DA:96,0
DA:97,0
DA:98,0
DA:99,0
DA:100,0
DA:101,0
DA:104,0
DA:105,0
DA:108,0
DA:110,0
DA:113,0
DA:119,0
DA:120,0
DA:121,0
DA:127,0
DA:141,0
DA:148,0
DA:150,0
DA:151,0
DA:152,0
DA:153,0
DA:155,0
DA:156,0
DA:157,0
DA:159,0
DA:160,0
DA:163,0
DA:166,0
DA:168,0
DA:169,0
DA:177,0
DA:178,0
DA:179,0
DA:180,0
DA:182,0
DA:183,0
DA:184,0
DA:186,0
DA:187,0
DA:188,0
DA:191,0
DA:194,0
DA:195,0
DA:196,0
DA:197,0
DA:205,0
DA:206,0
DA:207,0
DA:208,0
DA:210,0
DA:214,0
DA:216,0
DA:217,0
DA:218,0
DA:220,0
DA:225,0
DA:230,0
DA:234,0
DA:235,0
DA:237,0
DA:238,0
DA:239,0
DA:242,0
DA:245,0
DA:246,0
DA:247,0
DA:248,0
DA:256,0
DA:257,0
DA:259,0
DA:260,0
DA:262,0
DA:266,0
DA:267,0
DA:270,0
DA:271,0
DA:273,0
DA:288,0
DA:296,0
DA:298,0
DA:300,0
DA:301,0
DA:304,0
DA:305,0
DA:306,0
DA:307,0
DA:308,0
DA:309,0
DA:312,0
DA:313,0
DA:314,0
DA:316,0
DA:317,0
DA:318,0
DA:319,0
DA:320,0
DA:324,0
DA:325,0
DA:326,0
DA:328,0
DA:329,0
DA:330,0
DA:331,0
DA:332,0
DA:334,0
DA:335,0
DA:336,0
DA:337,0
DA:338,0
DA:339,0
DA:345,0
DA:346,0
DA:347,0
DA:348,0
DA:349,0
DA:350,0
DA:351,0
DA:352,0
DA:358,0
DA:359,0
DA:360,0
DA:362,0
DA:364,0
DA:368,0
DA:371,0
DA:372,0
DA:380,0
DA:381,0
DA:382,0
DA:388,0
LF:168
LH:0
end_of_record
SF:lib/screens/statistics_screen.dart
DA:8,1
DA:10,1
DA:12,1
DA:13,1
DA:14,1
DA:15,1
DA:16,1
DA:17,3
DA:20,1
DA:21,1
DA:23,1
DA:25,1
DA:26,1
DA:27,1
DA:28,2
DA:32,1
DA:33,1
DA:35,1
DA:39,1
DA:40,4
DA:41,1
DA:44,1
DA:45,1
DA:48,1
DA:50,3
DA:53,1
DA:55,0
DA:63,1
DA:64,1
DA:66,1
DA:68,1
DA:69,3
DA:70,3
DA:71,3
DA:72,4
DA:73,3
DA:74,3
DA:76,7
DA:78,4
DA:80,1
DA:82,1
DA:83,1
DA:84,2
DA:87,1
DA:88,0
DA:104,1
DA:105,1
DA:107,1
DA:109,1
DA:110,2
DA:111,2
DA:120,1
DA:122,1
DA:124,1
DA:125,1
DA:126,1
DA:127,1
DA:128,1
DA:130,2
DA:132,2
DA:133,1
DA:135,1
DA:137,1
DA:139,1
DA:140,3
DA:141,3
DA:142,3
DA:143,4
DA:144,3
DA:145,3
DA:147,4
DA:149,4
DA:151,1
DA:153,1
DA:154,1
DA:155,0
DA:158,1
DA:159,0
DA:172,1
DA:173,1
DA:175,1
DA:177,1
DA:178,2
DA:179,2
LF:84
LH:80
end_of_record
