SF:lib/games/klondike/klondike_game.dart
DA:24,5
DA:25,5
DA:28,5
DA:29,10
DA:30,10
DA:31,20
DA:32,20
DA:35,5
DA:37,5
DA:38,10
DA:39,10
DA:40,5
DA:41,5
DA:43,5
DA:44,10
DA:47,10
DA:48,10
DA:49,5
DA:50,10
DA:51,15
DA:56,5
DA:57,5
DA:58,5
DA:59,10
DA:63,1
DA:65,1
DA:68,1
DA:69,5
DA:71,3
DA:72,3
DA:74,3
DA:75,6
DA:77,2
DA:78,4
DA:80,1
DA:81,2
DA:83,2
DA:86,1
DA:87,1
DA:88,3
DA:91,1
DA:103,1
DA:104,1
DA:106,1
DA:107,1
DA:109,1
DA:110,1
DA:112,1
DA:113,1
DA:119,1
DA:120,1
DA:126,3
DA:128,6
DA:129,6
DA:136,1
DA:138,1
DA:139,1
DA:142,2
DA:143,2
DA:144,3
DA:151,2
DA:152,2
DA:158,2
DA:159,2
DA:160,3
DA:167,2
DA:168,3
DA:176,3
DA:178,3
DA:179,3
DA:182,6
DA:185,6
DA:188,6
DA:190,4
DA:191,4
DA:195,6
DA:196,3
DA:198,6
DA:201,6
DA:207,2
DA:209,2
DA:212,4
DA:213,4
DA:217,6
DA:218,4
DA:219,2
DA:225,2
DA:228,2
DA:232,2
DA:236,2
DA:242,4
DA:243,4
DA:244,4
DA:249,3
DA:251,6
DA:253,2
DA:256,1
DA:258,2
DA:259,2
DA:260,1
DA:261,2
DA:263,2
DA:266,1
DA:267,1
DA:268,1
DA:271,1
DA:273,2
DA:274,2
DA:275,2
DA:280,6
DA:281,3
DA:283,12
DA:284,6
DA:285,3
DA:286,6
DA:287,3
DA:290,3
DA:291,3
DA:292,3
DA:296,6
DA:297,6
DA:298,6
DA:303,3
DA:305,6
DA:307,6
DA:308,6
DA:309,6
DA:312,12
DA:314,2
DA:315,2
DA:316,1
DA:317,2
DA:319,2
DA:324,3
DA:325,9
DA:326,6
DA:327,3
DA:328,6
DA:335,4
DA:336,3
DA:340,4
DA:341,4
DA:342,4
DA:349,1
DA:351,2
DA:353,2
DA:354,2
DA:357,4
DA:359,2
DA:360,2
DA:361,1
DA:362,2
DA:364,2
DA:365,2
DA:370,1
DA:371,2
DA:372,2
DA:373,1
DA:374,2
DA:376,2
DA:382,4
DA:383,2
DA:386,2
DA:389,2
DA:392,3
DA:393,2
DA:396,2
DA:400,2
DA:403,10
DA:406,2
DA:410,4
DA:411,4
DA:412,2
DA:415,4
DA:418,2
DA:422,4
DA:423,2
DA:424,2
DA:425,2
DA:426,3
DA:433,4
DA:434,2
DA:435,1
DA:436,2
DA:437,2
DA:438,2
DA:447,2
DA:449,2
DA:451,4
DA:452,2
DA:453,2
DA:457,4
DA:458,4
DA:459,0
DA:466,1
DA:468,2
DA:471,1
DA:473,2
DA:474,2
DA:476,2
DA:477,2
DA:480,2
DA:481,3
DA:486,1
DA:488,2
DA:489,1
DA:492,4
DA:493,1
DA:494,1
DA:495,2
DA:498,2
DA:499,5
DA:503,2
DA:504,1
DA:505,1
DA:514,3
DA:516,6
DA:519,4
DA:520,3
DA:522,2
DA:523,2
DA:526,2
DA:527,1
DA:528,2
DA:529,2
DA:537,4
DA:538,2
DA:540,8
DA:541,2
DA:542,2
DA:543,4
DA:546,4
DA:547,2
DA:548,4
DA:549,4
DA:554,8
DA:556,4
DA:557,2
DA:558,2
DA:561,2
DA:572,2
DA:576,4
DA:577,4
DA:578,4
DA:579,4
DA:580,2
DA:586,4
DA:587,2
DA:588,2
DA:589,4
DA:590,4
DA:591,2
DA:597,4
DA:598,2
DA:601,2
DA:602,8
DA:603,6
DA:610,2
DA:612,4
DA:615,4
DA:616,2
DA:617,2
DA:618,2
DA:624,6
DA:625,4
DA:626,2
DA:627,2
DA:628,1
DA:636,4
DA:637,2
DA:639,2
DA:640,1
DA:641,3
DA:642,2
DA:646,2
DA:647,2
DA:648,1
DA:649,3
DA:650,2
DA:657,4
DA:658,2
DA:661,7
DA:662,6
DA:669,2
DA:671,4
DA:674,4
DA:675,2
DA:676,2
DA:677,2
DA:687,1
DA:688,1
LF:291
LH:290
end_of_record
SF:lib/models/card.dart
DA:12,10
DA:18,20
DA:19,2
DA:21,16
DA:23,2
DA:24,2
DA:25,2
DA:26,2
DA:27,2
DA:28,2
DA:32,2
DA:33,2
DA:34,2
DA:35,2
DA:36,2
DA:37,2
DA:38,8
DA:43,8
DA:45,3
DA:46,3
DA:47,3
DA:48,3
DA:49,3
DA:50,3
DA:51,8
DA:55,3
DA:56,3
DA:57,3
DA:58,3
DA:59,3
DA:60,3
DA:64,4
DA:65,12
DA:66,16
DA:67,4
DA:71,4
DA:72,8
DA:73,21
DA:76,1
DA:77,1
DA:78,1
DA:79,1
DA:80,1
DA:84,3
DA:85,9
DA:87,6
DA:90,36
DA:93,1
DA:94,5
LF:49
LH:49
end_of_record
SF:lib/models/pile.dart
DA:10,7
DA:12,12
DA:14,15
DA:15,9
DA:17,20
DA:19,1
DA:20,5
DA:22,6
DA:24,6
DA:25,12
DA:28,3
DA:29,6
DA:32,4
DA:33,8
DA:34,8
DA:37,3
DA:38,13
DA:39,6
DA:40,12
DA:44,2
DA:45,4
DA:46,4
DA:50,3
DA:51,6
DA:54,3
DA:55,12
DA:56,9
DA:58,1
DA:61,4
DA:63,4
DA:64,16
DA:65,8
DA:68,3
DA:69,15
DA:70,9
DA:74,1
DA:75,9
LF:37
LH:37
end_of_record
SF:lib/games/game_factory.dart
DA:8,0
DA:10,0
DA:15,0
DA:17,0
DA:26,3
DA:28,3
DA:29,3
LF:7
LH:3
end_of_record
SF:lib/games/game_interface.dart
DA:82,0
DA:86,0
DA:89,0
DA:98,0
DA:116,0
DA:128,3
LF:6
LH:1
end_of_record
SF:lib/models/move.dart
DA:12,4
DA:22,1
DA:24,1
DA:25,3
DA:28,2
DA:29,3
DA:34,3
DA:35,3
DA:37,7
DA:41,2
DA:42,2
DA:44,1
DA:47,1
DA:48,1
DA:49,1
DA:51,1
DA:53,1
DA:54,3
DA:55,1
DA:56,3
DA:60,1
DA:61,1
DA:62,7
DA:63,6
LF:24
LH:24
end_of_record
SF:lib/models/difficulty.dart
DA:11,1
DA:13,1
DA:15,1
DA:17,1
DA:22,2
DA:24,2
DA:26,2
DA:28,1
DA:33,2
DA:35,2
DA:37,2
DA:39,1
DA:45,1
DA:47,1
DA:48,1
DA:52,1
DA:54,1
DA:56,1
DA:58,1
DA:64,1
DA:66,1
DA:67,1
DA:71,1
DA:73,1
DA:75,1
DA:77,1
DA:88,3
DA:94,4
DA:96,4
DA:101,4
DA:106,1
DA:122,12
DA:125,12
DA:128,2
DA:131,2
DA:139,1
DA:141,1
DA:143,1
DA:148,1
DA:150,1
DA:152,1
DA:158,2
DA:161,1
DA:164,1
DA:166,1
DA:168,1
DA:174,1
DA:176,1
DA:178,1
LF:49
LH:49
end_of_record
SF:lib/games/solitaire_game_base.dart
DA:12,1
DA:15,1
DA:16,1
DA:17,1
DA:39,0
DA:40,0
DA:41,0
DA:43,0
DA:44,0
DA:48,0
DA:49,0
DA:50,0
DA:52,0
DA:53,0
DA:56,0
DA:58,0
DA:59,0
DA:63,0
DA:64,0
DA:65,0
DA:66,0
DA:67,0
DA:68,0
LF:23
LH:4
end_of_record
SF:lib/models/deck.dart
DA:7,6
DA:8,6
DA:11,6
DA:12,12
DA:13,12
DA:14,12
DA:15,18
DA:20,6
DA:21,1
DA:22,30
DA:23,12
DA:24,12
DA:25,24
DA:26,12
DA:30,6
DA:31,12
DA:32,12
DA:35,1
DA:36,1
DA:37,4
DA:38,3
DA:43,18
DA:44,3
DA:46,3
LF:24
LH:24
end_of_record
SF:lib/models/draw_mode.dart
DA:10,0
DA:12,0
DA:14,0
LF:3
LH:0
end_of_record
SF:lib/models/theme_preset.dart
DA:30,1
DA:49,1
DA:50,3
DA:53,2
DA:54,5
DA:185,9
DA:196,2
DA:198,10
DA:204,6
DA:207,2
DA:209,2
DA:210,8
DA:213,1
DA:216,7
DA:218,1
DA:219,2
LF:16
LH:16
end_of_record
SF:lib/services/statistics_service.dart
DA:19,1
DA:31,2
DA:32,12
DA:34,1
DA:48,1
DA:49,1
DA:50,1
DA:51,1
DA:52,1
DA:53,1
DA:54,1
DA:55,1
DA:56,1
DA:57,1
DA:80,8
DA:81,0
DA:87,1
DA:90,3
DA:93,0
DA:94,0
DA:95,0
DA:96,0
DA:97,0
DA:99,0
DA:104,0
DA:105,0
DA:106,0
DA:108,0
DA:111,1
DA:113,2
DA:114,1
DA:117,2
DA:118,4
DA:120,4
DA:124,0
DA:125,0
DA:126,0
DA:127,0
DA:133,2
DA:136,1
DA:137,1
DA:142,2
DA:143,2
DA:144,2
DA:145,2
DA:146,2
DA:147,2
DA:148,2
DA:149,2
DA:150,2
DA:153,2
DA:154,2
DA:155,2
DA:156,2
DA:157,2
DA:158,2
DA:159,2
DA:160,2
DA:161,2
DA:163,3
DA:169,1
DA:176,1
DA:178,1
DA:179,2
DA:180,2
DA:181,2
DA:182,2
DA:183,2
DA:184,2
DA:185,2
DA:186,2
DA:187,0
DA:189,1
DA:194,1
DA:197,1
DA:198,1
DA:200,0
DA:203,1
DA:208,2
DA:209,2
DA:210,2
DA:212,2
DA:213,2
DA:214,2
DA:215,2
DA:216,2
DA:217,2
DA:219,3
DA:225,1
DA:232,1
DA:233,1
DA:234,1
DA:235,1
DA:237,3
DA:238,3
DA:239,3
DA:240,3
DA:241,3
DA:242,3
DA:244,1
DA:245,4
DA:248,1
DA:249,3
DA:252,1
DA:253,3
DA:257,1
DA:258,5
DA:259,3
DA:261,1
DA:262,1
DA:265,1
DA:266,1
DA:267,2
DA:268,2
DA:270,1
DA:272,1
DA:273,1
DA:277,1
DA:278,1
DA:282,4
DA:283,2
DA:290,1
DA:291,1
DA:294,1
DA:295,5
DA:297,3
DA:299,1
DA:300,1
DA:304,1
DA:305,1
DA:306,1
DA:307,1
DA:311,4
DA:312,2
DA:316,1
DA:317,1
DA:321,2
DA:322,2
DA:323,1
DA:325,1
DA:326,1
DA:327,1
DA:328,1
DA:329,1
DA:330,1
DA:331,1
DA:332,1
DA:333,1
DA:334,1
DA:336,1
DA:338,2
DA:339,1
DA:343,0
DA:344,0
DA:345,0
DA:346,0
DA:348,0
DA:349,0
DA:352,0
DA:354,0
DA:355,0
DA:356,0
DA:360,1
DA:361,3
DA:362,1
LF:165
LH:138
end_of_record
SF:lib/services/animation_state_notifier.dart
DA:11,4
DA:12,4
DA:14,2
DA:20,2
DA:21,4
DA:27,2
DA:30,2
DA:31,2
DA:32,2
DA:33,2
DA:36,2
DA:37,4
LF:12
LH:12
end_of_record
SF:lib/widgets/animated_card_overlay.dart
DA:12,2
DA:25,0
DA:31,0
DA:32,0
DA:42,0
DA:44,0
DA:45,0
DA:48,0
DA:49,0
DA:55,0
DA:56,0
DA:57,0
DA:58,0
DA:59,0
DA:64,0
DA:65,0
DA:66,0
DA:67,0
DA:70,0
DA:71,0
DA:72,0
DA:75,0
DA:78,0
DA:79,0
DA:80,0
DA:81,0
DA:84,0
DA:85,0
DA:86,0
DA:89,0
DA:91,0
DA:92,0
DA:93,0
DA:97,0
DA:98,0
DA:102,0
DA:104,0
DA:107,0
DA:108,0
DA:109,0
DA:110,0
DA:111,0
DA:112,0
DA:113,0
DA:114,0
DA:117,0
DA:121,0
DA:123,0
DA:124,0
DA:127,0
DA:129,0
DA:133,0
DA:134,0
DA:135,0
DA:136,0
DA:137,0
DA:138,0
DA:139,0
DA:140,0
DA:141,0
DA:142,0
DA:143,0
DA:144,0
DA:145,0
LF:64
LH:1
end_of_record
SF:lib/services/settings_provider.dart
DA:46,2
DA:47,2
DA:48,2
DA:49,2
DA:50,2
DA:51,2
DA:52,2
DA:53,2
DA:54,2
DA:55,2
DA:56,2
DA:57,2
DA:58,2
DA:59,2
DA:61,1
DA:62,2
DA:65,1
DA:66,2
DA:67,2
DA:71,3
DA:73,1
DA:74,1
DA:76,1
DA:77,5
DA:79,2
DA:81,2
DA:83,1
DA:84,5
DA:86,1
DA:87,5
DA:89,1
DA:90,5
DA:92,2
DA:93,2
DA:94,2
DA:95,2
DA:96,2
DA:97,2
DA:98,2
DA:100,2
DA:101,1
DA:104,0
DA:105,0
DA:107,0
DA:111,1
DA:114,1
DA:115,1
DA:116,1
DA:118,1
DA:119,2
DA:122,1
DA:123,1
DA:124,1
DA:126,1
DA:127,1
DA:130,1
DA:131,1
DA:132,1
DA:133,1
DA:134,1
DA:137,1
DA:138,1
DA:139,1
DA:140,1
DA:141,2
DA:144,1
DA:145,1
DA:146,1
DA:147,1
DA:148,2
DA:151,1
DA:152,1
DA:153,1
DA:154,1
DA:155,1
DA:158,1
DA:159,1
DA:160,1
DA:161,1
DA:162,1
DA:165,1
DA:166,1
DA:167,1
DA:168,1
DA:169,1
DA:172,1
DA:173,1
DA:174,1
DA:175,1
DA:176,1
DA:179,1
DA:180,2
DA:181,1
DA:182,1
DA:183,2
DA:186,1
DA:187,1
DA:188,1
DA:189,1
DA:190,1
DA:193,1
DA:194,2
DA:195,1
DA:196,1
DA:197,2
DA:200,1
DA:201,1
DA:202,1
DA:204,1
DA:205,2
DA:208,1
DA:209,2
DA:210,1
DA:213,1
DA:214,1
DA:216,1
DA:217,3
DA:218,1
DA:219,7
DA:222,1
DA:223,1
DA:224,1
DA:225,2
DA:228,1
DA:229,3
DA:230,1
DA:231,1
DA:232,3
LF:128
LH:125
end_of_record
SF:lib/services/svg_preload_service.dart
DA:12,1
DA:16,1
DA:22,1
DA:27,2
DA:29,2
DA:30,0
DA:32,0
DA:35,0
DA:44,0
DA:46,0
DA:51,0
DA:54,0
DA:57,0
DA:58,0
DA:59,0
DA:60,0
DA:66,2
DA:69,1
DA:72,1
DA:75,1
LF:20
LH:9
end_of_record
SF:lib/theme/app_theme.dart
DA:42,4
DA:43,1
DA:45,4
DA:48,4
DA:50,4
DA:51,4
DA:52,4
DA:53,4
DA:59,4
DA:60,1
DA:62,4
DA:65,4
DA:67,4
DA:68,4
DA:69,4
DA:70,4
DA:76,0
DA:77,0
DA:80,0
DA:82,0
DA:83,0
DA:85,0
DA:89,3
DA:93,2
DA:97,1
DA:98,3
DA:99,3
DA:100,1
DA:101,0
DA:104,1
DA:105,4
DA:108,1
DA:109,3
DA:112,0
DA:113,0
DA:116,0
DA:117,0
DA:120,0
DA:124,0
DA:126,0
DA:127,0
DA:128,0
DA:129,0
DA:132,0
DA:133,0
DA:139,0
DA:147,0
DA:151,0
DA:155,0
DA:159,0
DA:162,4
DA:166,2
DA:169,2
DA:173,1
DA:176,0
DA:180,0
DA:183,2
DA:187,1
DA:191,0
DA:193,2
LF:60
LH:33
end_of_record
SF:lib/widgets/card_widget.dart
DA:20,1
DA:30,1
DA:35,3
DA:36,1
DA:37,1
DA:42,1
DA:43,1
DA:50,3
DA:51,1
DA:52,1
DA:57,1
DA:58,1
DA:63,1
DA:64,1
DA:71,3
DA:72,1
DA:73,1
DA:78,1
DA:79,1
DA:84,1
DA:85,1
DA:92,3
DA:93,1
DA:98,3
DA:99,1
DA:104,3
DA:105,1
DA:112,1
DA:114,4
DA:115,1
DA:119,4
DA:120,1
DA:124,1
DA:125,4
DA:128,3
DA:129,3
DA:130,3
DA:135,1
DA:137,3
DA:138,3
DA:141,2
DA:144,1
DA:147,4
DA:152,2
DA:155,1
DA:160,1
DA:161,1
DA:162,1
DA:163,1
DA:164,1
DA:167,1
DA:168,1
DA:169,2
DA:170,1
DA:174,1
DA:176,1
DA:181,1
DA:183,1
DA:184,2
DA:185,3
DA:187,1
DA:190,2
DA:191,1
DA:193,1
DA:202,1
DA:203,1
DA:204,1
DA:205,1
DA:209,3
DA:210,1
DA:211,1
DA:212,3
DA:213,1
DA:215,1
DA:216,1
DA:217,2
DA:218,3
DA:220,1
DA:221,1
DA:222,6
DA:229,1
DA:230,1
DA:231,2
DA:232,3
DA:234,1
DA:235,1
DA:236,6
LF:87
LH:87
end_of_record
SF:lib/widgets/card_gloss_painter.dart
DA:10,1
DA:15,1
DA:17,1
DA:18,2
DA:21,1
DA:22,1
DA:25,1
DA:28,1
DA:31,1
DA:34,1
DA:36,1
DA:40,1
DA:41,1
DA:44,1
DA:45,2
DA:46,2
DA:52,1
DA:53,3
DA:55,2
DA:59,1
DA:60,1
DA:63,1
DA:64,2
DA:65,2
DA:71,1
DA:72,3
DA:74,2
DA:78,1
DA:79,1
DA:82,1
DA:84,2
DA:85,2
DA:90,1
DA:91,3
DA:93,2
DA:97,1
DA:101,1
DA:104,1
DA:105,2
DA:110,1
DA:111,2
DA:112,2
DA:115,1
DA:116,2
DA:121,1
DA:124,1
DA:125,2
DA:130,1
DA:131,2
DA:132,2
DA:135,1
DA:136,2
DA:141,1
DA:144,1
DA:145,2
DA:150,1
DA:151,2
DA:152,4
DA:155,1
DA:156,4
DA:161,1
DA:164,1
DA:165,2
DA:170,1
DA:171,2
DA:172,4
DA:175,1
DA:176,4
DA:181,0
DA:184,0
LF:70
LH:68
end_of_record
SF:lib/widgets/svg_card_renderer.dart
DA:17,1
DA:25,1
DA:26,1
DA:31,0
DA:34,2
DA:35,0
DA:36,0
DA:38,1
DA:40,1
DA:41,1
DA:43,2
DA:44,2
DA:47,0
DA:49,0
DA:50,0
DA:51,0
DA:55,0
DA:57,0
DA:58,0
DA:59,0
DA:60,0
DA:61,0
DA:65,1
DA:69,2
DA:70,0
DA:72,1
DA:75,1
DA:78,1
DA:79,2
DA:82,1
DA:84,1
DA:85,0
DA:89,0
DA:90,0
DA:91,0
DA:97,0
DA:102,0
DA:107,0
DA:109,0
DA:110,0
DA:112,0
DA:113,0
DA:118,0
DA:121,0
DA:122,0
DA:123,0
DA:132,0
DA:133,0
DA:135,0
DA:137,0
DA:138,0
DA:139,0
DA:146,0
DA:147,0
DA:151,0
DA:152,0
DA:153,0
DA:157,0
DA:158,0
DA:161,0
DA:164,0
DA:167,0
DA:171,0
DA:174,0
DA:179,0
DA:180,0
DA:181,0
DA:185,0
DA:186,0
DA:187,0
DA:191,0
DA:193,0
DA:201,0
DA:206,0
DA:207,0
DA:208,0
DA:209,0
DA:210,0
DA:211,0
DA:212,0
DA:213,0
DA:214,0
DA:218,0
DA:219,0
DA:224,0
DA:227,0
DA:230,0
DA:231,0
DA:234,0
DA:237,0
DA:239,0
DA:240,0
DA:244,0
DA:245,0
DA:246,0
DA:247,0
DA:248,0
DA:249,0
DA:250,0
DA:251,0
DA:252,0
DA:256,0
DA:257,0
DA:261,0
DA:262,0
DA:263,0
DA:268,0
DA:269,0
DA:273,0
DA:274,0
DA:275,0
DA:284,0
DA:285,0
DA:287,0
DA:289,0
DA:293,1
DA:295,1
DA:297,1
DA:298,2
DA:299,4
DA:300,1
DA:307,0
DA:308,0
DA:309,0
LF:124
LH:23
end_of_record
SF:lib/services/audio_service.dart
DA:32,1
DA:35,1
DA:38,1
DA:41,1
DA:44,1
DA:47,1
DA:50,1
DA:52,1
DA:55,1
DA:57,2
DA:60,1
DA:62,1
DA:65,1
DA:67,2
DA:70,1
DA:73,1
DA:76,1
DA:77,1
DA:79,1
DA:80,1
DA:82,1
DA:83,1
DA:85,1
DA:86,1
DA:88,1
DA:106,1
DA:108,0
DA:111,0
DA:112,0
DA:113,0
DA:114,0
DA:115,0
DA:116,0
DA:119,0
DA:120,0
DA:121,0
DA:122,0
DA:123,0
DA:124,0
DA:127,0
DA:128,0
DA:129,0
DA:130,0
DA:131,0
DA:134,0
DA:135,0
DA:141,0
DA:143,0
DA:144,0
DA:145,0
DA:146,0
DA:149,0
DA:151,0
DA:152,0
DA:153,0
DA:154,0
DA:157,0
DA:159,0
DA:160,0
DA:161,0
DA:162,0
DA:165,0
DA:167,0
DA:168,0
DA:169,0
DA:170,0
DA:173,0
DA:175,0
DA:176,0
DA:177,0
DA:178,0
DA:181,1
DA:183,1
DA:186,0
DA:188,0
DA:189,0
DA:190,0
DA:191,0
DA:192,0
DA:193,0
DA:196,0
DA:198,0
DA:200,0
DA:203,0
DA:204,0
DA:205,0
DA:206,0
DA:211,0
DA:213,0
DA:214,0
DA:217,0
DA:219,0
DA:221,0
DA:226,0
DA:229,0
DA:233,1
DA:234,1
DA:236,1
DA:237,1
DA:239,1
DA:240,1
DA:242,1
DA:243,1
DA:245,0
DA:247,0
DA:248,0
DA:249,0
DA:250,0
DA:251,0
DA:252,0
LF:110
LH:36
end_of_record
SF:lib/services/game_controller.dart
DA:51,3
DA:58,6
DA:59,12
DA:60,6
DA:62,9
DA:66,4
DA:67,4
DA:68,2
DA:69,2
DA:70,2
DA:71,2
DA:74,3
DA:75,3
DA:76,0
DA:78,6
DA:79,8
DA:80,3
DA:81,3
DA:82,3
DA:85,3
DA:86,3
DA:89,3
DA:90,3
DA:91,3
DA:92,3
DA:95,1
DA:96,2
DA:97,2
DA:98,2
DA:100,3
DA:103,3
DA:105,3
DA:106,3
DA:108,3
DA:109,3
DA:114,3
DA:117,0
DA:118,0
DA:119,0
DA:121,0
DA:125,0
DA:128,0
DA:129,0
DA:130,0
DA:136,1
DA:137,1
DA:138,1
DA:139,2
DA:140,1
DA:143,4
DA:145,2
DA:146,1
DA:147,1
DA:148,1
DA:151,1
DA:152,2
DA:155,2
DA:156,4
DA:159,1
DA:160,1
DA:161,1
DA:162,1
DA:163,2
DA:164,1
DA:169,1
DA:170,1
DA:171,1
DA:172,3
DA:173,3
DA:178,0
DA:179,0
DA:180,0
DA:182,0
DA:187,2
DA:188,2
DA:189,2
DA:192,1
DA:194,4
DA:195,1
DA:199,4
DA:200,4
DA:203,1
DA:204,2
DA:207,5
DA:208,1
DA:213,1
DA:216,1
DA:217,2
DA:219,2
DA:222,4
DA:223,0
DA:224,0
DA:226,1
DA:227,1
DA:230,1
DA:233,2
DA:234,2
DA:235,2
DA:236,2
DA:237,2
DA:241,1
DA:242,2
DA:244,2
DA:245,1
DA:246,2
DA:247,2
DA:250,3
DA:252,1
DA:253,3
DA:254,0
DA:256,0
DA:257,0
DA:260,0
DA:261,0
DA:264,1
DA:268,1
DA:269,2
DA:271,2
DA:272,1
DA:273,2
DA:274,2
DA:276,3
DA:278,2
DA:279,4
DA:280,0
DA:282,0
DA:283,0
DA:286,0
DA:287,0
DA:290,1
DA:294,0
DA:295,0
DA:297,0
DA:298,0
DA:301,0
DA:302,0
DA:303,0
DA:304,0
DA:306,0
DA:310,0
DA:311,0
DA:316,1
DA:322,2
DA:330,1
DA:331,2
DA:334,1
DA:335,2
DA:340,0
DA:348,0
DA:351,0
DA:359,0
DA:362,0
DA:363,0
DA:364,0
DA:365,0
DA:367,0
DA:368,0
DA:369,0
DA:370,0
DA:375,1
DA:376,2
DA:379,1
DA:380,2
DA:381,4
DA:384,1
DA:385,2
DA:386,4
DA:389,1
DA:390,2
DA:391,1
DA:394,2
DA:395,1
DA:396,2
DA:398,2
DA:399,2
DA:401,1
DA:402,1
DA:403,1
DA:408,2
DA:409,4
DA:410,0
DA:411,0
DA:412,0
DA:413,0
DA:414,0
DA:416,0
DA:417,0
DA:418,0
DA:421,2
DA:426,3
DA:427,2
DA:429,0
DA:433,1
DA:434,2
DA:435,1
DA:438,1
DA:439,0
DA:440,0
DA:441,0
DA:442,0
DA:443,0
DA:444,0
DA:446,0
DA:447,0
DA:448,0
DA:454,1
DA:459,0
DA:460,0
DA:461,0
DA:462,0
DA:465,0
DA:468,0
DA:470,0
DA:473,0
DA:474,0
DA:477,0
DA:481,0
DA:482,0
DA:486,0
DA:494,0
DA:497,0
DA:498,0
DA:499,0
DA:500,0
DA:502,0
DA:503,0
DA:504,0
DA:505,0
DA:516,1
DA:517,2
DA:518,1
DA:519,1
DA:522,2
DA:525,4
DA:527,1
DA:530,1
DA:531,3
DA:534,2
DA:537,2
DA:538,2
DA:539,2
DA:540,0
DA:542,1
DA:543,1
DA:544,1
DA:551,1
DA:552,2
DA:553,1
DA:555,2
DA:556,1
DA:557,2
DA:558,2
DA:559,2
DA:560,0
DA:562,1
DA:563,1
DA:564,1
DA:568,2
DA:572,2
DA:573,8
DA:575,4
DA:576,2
DA:578,4
DA:579,0
DA:580,0
DA:582,2
DA:586,0
DA:587,0
DA:589,0
DA:590,0
DA:592,0
DA:593,0
DA:598,1
DA:599,2
DA:600,0
DA:601,4
DA:602,1
DA:603,2
DA:604,0
DA:608,0
DA:609,0
DA:610,0
DA:611,0
DA:614,0
DA:617,0
DA:618,0
DA:621,0
DA:622,0
DA:625,0
DA:626,0
DA:629,0
DA:630,0
DA:631,0
DA:632,0
DA:633,0
DA:636,0
DA:638,0
DA:639,0
DA:642,0
DA:645,1
DA:646,1
DA:647,1
DA:649,1
DA:653,3
DA:655,1
DA:656,2
DA:657,1
DA:658,2
DA:659,1
DA:663,1
DA:664,2
DA:665,1
DA:666,1
DA:667,1
DA:670,1
DA:671,2
DA:672,1
DA:673,1
DA:674,1
DA:677,1
DA:678,2
DA:679,0
DA:680,0
DA:681,0
DA:685,1
DA:686,2
DA:687,2
DA:693,1
DA:696,2
DA:698,2
DA:699,0
DA:704,2
DA:705,0
DA:710,2
DA:714,1
DA:717,2
DA:718,1
DA:720,0
DA:721,0
DA:723,0
DA:727,0
DA:728,0
DA:730,0
DA:731,0
DA:732,0
DA:734,0
DA:737,0
DA:738,0
DA:743,1
DA:744,2
DA:745,2
DA:746,2
DA:747,2
DA:751,1
DA:752,2
DA:753,0
DA:759,1
DA:760,1
DA:764,1
DA:765,1
DA:768,0
DA:774,1
DA:775,0
DA:779,1
DA:780,2
DA:782,2
DA:783,3
DA:784,2
DA:786,0
DA:791,3
DA:792,0
DA:795,0
DA:796,0
DA:801,1
DA:802,1
DA:808,1
DA:809,4
DA:810,7
DA:813,1
DA:814,4
DA:815,2
DA:816,0
DA:817,0
DA:818,0
DA:824,2
DA:825,0
DA:827,1
DA:828,1
DA:832,1
DA:833,2
DA:835,1
DA:836,1
DA:837,1
DA:838,1
DA:841,1
DA:842,0
DA:843,0
DA:849,1
DA:851,1
DA:852,1
DA:853,3
DA:854,2
DA:855,1
LF:403
LH:254
end_of_record
SF:lib/services/timer_state_notifier.dart
DA:11,4
DA:12,3
DA:14,2
DA:15,4
DA:16,4
DA:17,5
DA:18,3
DA:19,1
DA:24,3
DA:25,6
DA:26,4
DA:27,3
DA:30,2
DA:31,4
DA:32,2
DA:33,2
DA:36,1
DA:38,2
DA:39,1
LF:19
LH:19
end_of_record
SF:lib/utils/overlay_validator.dart
DA:9,1
DA:11,1
DA:14,1
DA:22,1
DA:23,1
DA:24,1
DA:27,1
DA:28,1
DA:29,1
DA:36,2
DA:41,1
DA:49,1
DA:50,5
DA:51,5
DA:52,5
DA:54,5
DA:55,5
DA:56,5
DA:58,5
DA:62,1
DA:63,1
DA:64,1
DA:66,1
DA:67,1
DA:69,3
DA:73,1
DA:74,1
DA:76,4
DA:77,4
DA:78,4
DA:79,4
DA:80,4
DA:81,4
DA:83,6
DA:84,6
DA:85,6
DA:87,1
DA:91,1
DA:93,2
DA:94,1
DA:102,1
DA:103,1
DA:109,1
DA:115,2
DA:116,2
DA:117,1
LF:46
LH:46
end_of_record
SF:lib/utils/layout_calculator.dart
DA:12,1
DA:30,1
DA:31,3
DA:34,5
DA:35,5
DA:38,1
DA:39,1
DA:40,1
DA:41,1
DA:42,1
DA:46,2
DA:53,3
DA:56,1
DA:59,1
DA:60,1
DA:61,2
DA:64,1
DA:71,1
DA:72,2
DA:73,1
DA:74,1
DA:75,1
DA:76,2
DA:81,1
DA:82,1
DA:84,1
DA:86,1
DA:88,1
DA:98,1
DA:99,5
LF:30
LH:30
end_of_record
SF:lib/widgets/game_button.dart
DA:11,1
DA:20,1
DA:21,1
DA:28,1
DA:30,1
DA:31,2
DA:32,0
DA:33,1
DA:35,2
DA:36,0
DA:37,3
DA:39,1
DA:40,0
DA:41,0
DA:42,1
DA:43,4
DA:44,1
DA:45,3
DA:46,3
DA:48,0
DA:49,1
DA:51,2
DA:53,3
DA:54,1
DA:55,1
DA:58,1
DA:59,0
DA:60,2
DA:62,1
DA:63,1
DA:64,1
DA:65,0
DA:66,1
DA:67,1
DA:68,1
DA:74,1
DA:77,1
DA:78,3
DA:79,1
DA:80,2
DA:82,1
DA:86,1
DA:87,2
DA:88,1
DA:105,2
DA:114,2
DA:115,2
DA:122,2
DA:124,2
DA:125,0
DA:126,0
DA:127,2
DA:128,8
DA:129,2
DA:130,6
DA:131,6
DA:133,0
DA:134,2
DA:136,2
DA:137,2
DA:139,4
DA:140,4
DA:141,2
DA:142,2
DA:143,0
DA:144,2
DA:145,8
DA:147,2
DA:148,4
DA:149,6
DA:150,4
DA:151,2
DA:152,2
DA:155,5
DA:157,1
DA:158,2
DA:159,1
DA:163,2
DA:164,1
DA:165,1
LF:80
LH:69
end_of_record
SF:lib/screens/statistics_screen.dart
DA:8,1
DA:10,1
DA:12,1
DA:13,1
DA:14,1
DA:15,1
DA:16,1
DA:17,3
DA:20,1
DA:21,1
DA:23,1
DA:25,1
DA:26,1
DA:27,1
DA:28,2
DA:32,1
DA:33,1
DA:35,1
DA:39,1
DA:40,4
DA:41,1
DA:44,1
DA:45,1
DA:48,1
DA:50,3
DA:53,1
DA:55,0
DA:63,1
DA:64,1
DA:66,1
DA:68,1
DA:69,3
DA:70,3
DA:71,3
DA:72,4
DA:73,3
DA:74,3
DA:76,7
DA:78,4
DA:80,1
DA:82,1
DA:83,1
DA:84,2
DA:87,1
DA:88,0
DA:104,1
DA:105,1
DA:107,1
DA:109,1
DA:110,2
DA:111,2
DA:120,1
DA:122,1
DA:124,1
DA:125,1
DA:126,1
DA:127,1
DA:128,1
DA:130,2
DA:132,2
DA:133,1
DA:135,1
DA:137,1
DA:139,1
DA:140,3
DA:141,3
DA:142,3
DA:143,4
DA:144,3
DA:145,3
DA:147,4
DA:149,4
DA:151,1
DA:153,1
DA:154,1
DA:155,0
DA:158,1
DA:159,0
DA:172,1
DA:173,1
DA:175,1
DA:177,1
DA:178,2
DA:179,2
LF:84
LH:80
end_of_record
SF:lib/widgets/game_toolbar.dart
DA:18,1
DA:26,1
DA:28,1
DA:29,1
DA:30,2
DA:31,1
DA:32,1
DA:33,0
DA:35,1
DA:37,1
DA:38,1
DA:41,1
DA:43,1
DA:46,1
DA:47,1
DA:48,1
DA:54,1
DA:56,1
DA:58,1
DA:59,1
DA:61,1
DA:63,1
DA:68,2
DA:71,1
DA:73,3
DA:79,1
DA:80,1
DA:82,0
DA:86,3
DA:90,1
DA:91,1
DA:92,1
DA:93,3
DA:94,1
DA:96,1
DA:98,0
DA:106,1
DA:109,1
DA:110,1
DA:111,2
DA:115,2
DA:116,1
DA:118,1
DA:124,1
DA:126,0
DA:127,0
DA:132,1
DA:134,1
DA:136,1
DA:147,1
DA:148,1
DA:150,1
DA:152,1
DA:153,1
DA:155,2
DA:159,2
DA:163,1
DA:164,1
DA:166,1
DA:170,2
DA:176,1
DA:177,1
DA:181,1
DA:183,1
DA:185,1
DA:188,1
DA:198,1
DA:199,1
DA:200,2
DA:214,0
DA:215,0
DA:218,0
DA:223,0
DA:224,0
DA:225,0
DA:228,0
DA:229,0
DA:231,0
DA:233,0
DA:234,0
DA:235,0
DA:236,0
DA:240,0
DA:241,0
DA:244,0
DA:246,0
DA:249,0
DA:251,0
DA:257,0
DA:258,0
DA:261,0
DA:271,1
DA:272,1
DA:274,1
DA:276,1
DA:277,1
DA:278,1
DA:281,2
DA:286,1
DA:289,3
DA:295,1
DA:296,1
DA:298,1
DA:299,2
DA:301,2
DA:306,1
DA:307,2
DA:309,1
DA:312,0
DA:315,1
DA:317,1
DA:318,2
DA:319,1
DA:320,1
DA:321,2
DA:325,1
DA:326,1
DA:327,1
DA:338,1
DA:339,1
DA:340,2
DA:341,5
LF:122
LH:94
end_of_record
SF:lib/screens/help_screen.dart
DA:6,1
DA:8,0
DA:10,0
DA:11,0
DA:12,0
DA:13,0
DA:14,0
DA:15,0
DA:16,0
DA:17,0
DA:19,0
DA:21,0
DA:22,0
DA:24,0
DA:26,0
DA:28,0
DA:30,0
DA:32,0
DA:34,0
DA:45,0
DA:46,0
DA:49,0
DA:50,0
DA:51,0
DA:52,0
DA:53,0
DA:59,0
DA:60,0
DA:61,0
DA:62,0
DA:63,0
DA:66,0
DA:72,0
DA:73,0
DA:74,0
DA:75,0
DA:76,0
DA:79,0
DA:80,0
DA:81,0
DA:82,0
DA:84,0
DA:85,0
DA:88,0
DA:93,0
DA:95,0
DA:98,0
DA:100,0
DA:108,0
DA:109,0
DA:112,0
DA:113,0
DA:115,0
DA:118,0
DA:127,0
DA:128,0
DA:131,0
DA:132,0
DA:138,0
DA:144,0
DA:150,0
DA:159,0
DA:160,0
DA:163,0
DA:164,0
DA:166,0
DA:168,0
DA:173,0
DA:174,0
DA:177,0
DA:178,0
DA:180,0
DA:185,0
DA:186,0
DA:189,0
DA:190,0
DA:191,0
DA:192,0
DA:193,0
DA:194,0
DA:195,0
DA:196,0
DA:197,0
DA:202,0
DA:203,0
DA:206,0
DA:207,0
DA:208,0
DA:209,0
DA:210,0
DA:211,0
DA:212,0
DA:217,0
DA:218,0
DA:220,0
DA:221,0
DA:222,0
DA:223,0
DA:224,0
DA:226,0
DA:227,0
DA:228,0
DA:233,0
DA:237,0
DA:241,0
DA:246,0
DA:247,0
DA:249,0
DA:250,0
DA:252,0
DA:255,0
DA:256,0
DA:262,0
DA:263,0
DA:265,0
DA:266,0
DA:268,0
DA:271,0
DA:273,0
DA:274,0
DA:284,0
DA:285,0
DA:287,0
DA:288,0
DA:289,0
DA:290,0
DA:292,0
DA:293,0
DA:294,0
DA:296,0
DA:297,0
DA:299,0
DA:300,0
DA:310,0
DA:311,0
DA:313,0
DA:314,0
DA:315,0
DA:316,0
DA:318,0
DA:320,0
DA:321,0
DA:322,0
DA:323,0
DA:325,0
DA:326,0
DA:327,0
DA:328,0
DA:330,0
DA:331,0
DA:332,0
DA:337,0
DA:342,0
DA:346,0
DA:347,0
DA:348,0
DA:355,0
DA:356,0
DA:358,0
DA:359,0
DA:360,0
DA:361,0
DA:363,0
DA:365,0
DA:366,0
DA:367,0
DA:368,0
DA:369,0
DA:370,0
DA:374,0
DA:378,0
DA:379,0
DA:380,0
DA:387,0
DA:388,0
DA:390,0
DA:392,0
DA:397,0
DA:398,0
DA:400,0
DA:401,0
DA:410,0
DA:411,0
DA:413,0
DA:414,0
DA:415,0
DA:417,0
DA:418,0
DA:419,0
DA:420,0
DA:422,0
DA:424,0
DA:428,0
DA:434,0
DA:435,0
DA:437,0
DA:438,0
LF:197
LH:1
end_of_record
SF:lib/widgets/move_history_viewer.dart
DA:10,0
DA:15,0
DA:17,0
DA:18,0
DA:19,0
DA:21,0
DA:22,0
DA:23,0
DA:25,0
DA:26,0
DA:32,0
DA:33,0
DA:35,0
DA:36,0
DA:38,0
DA:39,0
DA:40,0
DA:41,0
DA:45,0
DA:48,0
DA:50,0
DA:54,0
DA:55,0
DA:57,0
DA:58,0
DA:59,0
DA:62,0
DA:65,0
DA:78,0
DA:84,0
DA:86,0
DA:88,0
DA:89,0
DA:90,0
DA:91,0
DA:92,0
DA:93,0
DA:95,0
DA:96,0
DA:97,0
DA:98,0
DA:99,0
DA:100,0
DA:101,0
DA:104,0
DA:105,0
DA:108,0
DA:110,0
DA:113,0
DA:119,0
DA:120,0
DA:121,0
DA:127,0
DA:141,0
DA:148,0
DA:150,0
DA:151,0
DA:152,0
DA:153,0
DA:155,0
DA:156,0
DA:157,0
DA:159,0
DA:160,0
DA:163,0
DA:166,0
DA:168,0
DA:169,0
DA:177,0
DA:178,0
DA:179,0
DA:180,0
DA:182,0
DA:183,0
DA:184,0
DA:186,0
DA:187,0
DA:188,0
DA:191,0
DA:194,0
DA:195,0
DA:196,0
DA:197,0
DA:205,0
DA:206,0
DA:207,0
DA:208,0
DA:210,0
DA:214,0
DA:216,0
DA:217,0
DA:218,0
DA:220,0
DA:225,0
DA:230,0
DA:234,0
DA:235,0
DA:237,0
DA:238,0
DA:239,0
DA:242,0
DA:245,0
DA:246,0
DA:247,0
DA:248,0
DA:256,0
DA:257,0
DA:259,0
DA:260,0
DA:262,0
DA:266,0
DA:267,0
DA:270,0
DA:271,0
DA:273,0
DA:288,0
DA:296,0
DA:298,0
DA:300,0
DA:301,0
DA:304,0
DA:305,0
DA:306,0
DA:307,0
DA:308,0
DA:309,0
DA:312,0
DA:313,0
DA:314,0
DA:316,0
DA:317,0
DA:318,0
DA:319,0
DA:320,0
DA:324,0
DA:325,0
DA:326,0
DA:328,0
DA:329,0
DA:330,0
DA:331,0
DA:332,0
DA:334,0
DA:335,0
DA:336,0
DA:337,0
DA:338,0
DA:339,0
DA:345,0
DA:346,0
DA:347,0
DA:348,0
DA:349,0
DA:350,0
DA:351,0
DA:352,0
DA:358,0
DA:359,0
DA:360,0
DA:362,0
DA:364,0
DA:368,0
DA:371,0
DA:372,0
DA:380,0
DA:381,0
DA:382,0
DA:388,0
LF:168
LH:0
end_of_record
